shehzad@Shehzads-MacBook-Pro phprapid % >....                                                                                                                        
        git commit --date="$Y-$M-$D 12:0$i:00" -m "$i on $M $D $Y"
      done
      cd ../
    done
    cd ../
  done
  cd ../
done
git push origin master
git rm -rf 20**
git rm -rf 19**
git commit -am "cleanup"
git push origin master
zsh: command not found: #
fatal: Unable to create '/Applications/XAMPP/xamppfiles/htdocs/phprapid/.git/index.lock': File exists.

Another git process seems to be running in this repository, e.g.
an editor opened by 'git commit'. Please make sure all processes
are terminated then try again. If it still fails, a git process
may have crashed in this repository earlier:
remove the file manually to continue.
On branch master
Your branch is ahead of 'origin/master' by 2692 commits.
  (use "git push" to publish your local commits)

Changes not staged for commit:
        modified:   ../../../1999/08/08/commit.md

Untracked files:
        ../../
        ../../../script.sh

no changes added to commit
fatal: Unable to create '/Applications/XAMPP/xamppfiles/htdocs/phprapid/.git/index.lock': File exists.

Another git process seems to be running in this repository, e.g.
an editor opened by 'git commit'. Please make sure all processes
are terminated then try again. If it still fails, a git process
may have crashed in this repository earlier:
remove the file manually to continue.
fatal: Unable to create '/Applications/XAMPP/xamppfiles/htdocs/phprapid/.git/index.lock': File exists.

Another git process seems to be running in this repository, e.g.
an editor opened by 'git commit'. Please make sure all processes
are terminated then try again. If it still fails, a git process
may have crashed in this repository earlier:
remove the file manually to continue.
[master aecf4c5] 03 on 01 01 2019
 Date: Tue Jan 1 12:03:00 2019 +0500
 1 file changed, 1 insertion(+)
 create mode 100644 2019/01/01/commit.md
[master e159671] 04 on 01 01 2019
 Date: Tue Jan 1 12:04:00 2019 +0500
 1 file changed, 1 insertion(+), 1 deletion(-)
[master 17b4906] 05 on 01 01 2019
 Date: Tue Jan 1 12:05:00 2019 +0500
 2 files changed, 2 insertions(+), 2 deletions(-)
[master cd58675] 06 on 01 01 2019
 Date: Tue Jan 1 12:06:00 2019 +0500
 2 files changed, 2 insertions(+), 2 deletions(-)
fatal: Unable to create '/Applications/XAMPP/xamppfiles/htdocs/phprapid/.git/index.lock': File exists.

Another git process seems to be running in this repository, e.g.
an editor opened by 'git commit'. Please make sure all processes
are terminated then try again. If it still fails, a git process
may have crashed in this repository earlier:
remove the file manually to continue.
On branch master
Your branch is ahead of 'origin/master' by 2699 commits.
  (use "git push" to publish your local commits)

Changes not staged for commit:
        modified:   ../../../1999/08/08/commit.md
        modified:   commit.md

Untracked files:
        ../../../script.sh

no changes added to commit
fatal: Unable to create '/Applications/XAMPP/xamppfiles/htdocs/phprapid/.git/index.lock': File exists.

Another git process seems to be running in this repository, e.g.
an editor opened by 'git commit'. Please make sure all processes
are terminated then try again. If it still fails, a git process
may have crashed in this repository earlier:
remove the file manually to continue.
error: short read while indexing 1999/08/08/commit.md
On branch master
Your branch is ahead of 'origin/master' by 2700 commits.
  (use "git push" to publish your local commits)

Changes not staged for commit:
        modified:   ../../../1999/08/08/commit.md
        modified:   commit.md

Untracked files:
        ../../../script.sh

no changes added to commit
fatal: Unable to create '/Applications/XAMPP/xamppfiles/htdocs/phprapid/.git/index.lock': File exists.

Another git process seems to be running in this repository, e.g.
an editor opened by 'git commit'. Please make sure all processes
are terminated then try again. If it still fails, a git process
may have crashed in this repository earlier:
remove the file manually to continue.
On branch master
Your branch is ahead of 'origin/master' by 2701 commits.
  (use "git push" to publish your local commits)

Changes not staged for commit:
        modified:   commit.md

Untracked files:
        ../../../1999/08/09/
        ../../../script.sh

no changes added to commit
fatal: Unable to create '/Applications/XAMPP/xamppfiles/htdocs/phprapid/.git/index.lock': File exists.

Another git process seems to be running in this repository, e.g.
an editor opened by 'git commit'. Please make sure all processes
are terminated then try again. If it still fails, a git process
may have crashed in this repository earlier:
remove the file manually to continue.
On branch master
Your branch is ahead of 'origin/master' by 2702 commits.
  (use "git push" to publish your local commits)

Changes not staged for commit:
        modified:   commit.md

Untracked files:
        ../../../script.sh

no changes added to commit
[master 006e318] 11 on 01 01 2019
 Date: Tue Jan 1 12:11:00 2019 +0500
 1 file changed, 1 insertion(+), 1 deletion(-)
[master 261e023] 12 on 01 01 2019
 Date: Tue Jan 1 12:12:00 2019 +0500
 1 file changed, 1 insertion(+), 1 deletion(-)
[master 58bb1cb] 01 on 01 02 2019
 Date: Wed Jan 2 12:01:00 2019 +0500
 1 file changed, 1 insertion(+)
 create mode 100644 2019/01/02/commit.md
[master 7674efc] 02 on 01 02 2019
 Date: Wed Jan 2 12:02:00 2019 +0500
 1 file changed, 1 insertion(+), 1 deletion(-)
[master 5a84e07] 03 on 01 02 2019
 Date: Wed Jan 2 12:03:00 2019 +0500
 1 file changed, 1 insertion(+), 1 deletion(-)
[master a1dde3a] 04 on 01 02 2019
 Date: Wed Jan 2 12:04:00 2019 +0500
 1 file changed, 1 insertion(+), 1 deletion(-)
fatal: Unable to create '/Applications/XAMPP/xamppfiles/htdocs/phprapid/.git/index.lock': File exists.

Another git process seems to be running in this repository, e.g.
an editor opened by 'git commit'. Please make sure all processes
are terminated then try again. If it still fails, a git process
may have crashed in this repository earlier:
remove the file manually to continue.
On branch master
Your branch is ahead of 'origin/master' by 2710 commits.
  (use "git push" to publish your local commits)

Changes not staged for commit:
        modified:   commit.md

Untracked files:
        ../../../script.sh

no changes added to commit
[master df98d22] 06 on 01 02 2019
 Date: Wed Jan 2 12:06:00 2019 +0500
 2 files changed, 2 insertions(+), 2 deletions(-)
[master 8b89878] 07 on 01 02 2019
 Date: Wed Jan 2 12:07:00 2019 +0500
 2 files changed, 2 insertions(+), 2 deletions(-)
fatal: Unable to create '/Applications/XAMPP/xamppfiles/htdocs/phprapid/.git/index.lock': File exists.

Another git process seems to be running in this repository, e.g.
an editor opened by 'git commit'. Please make sure all processes
are terminated then try again. If it still fails, a git process
may have crashed in this repository earlier:
remove the file manually to continue.
On branch master
Your branch is ahead of 'origin/master' by 2713 commits.
  (use "git push" to publish your local commits)

Untracked files:
        ../../../script.sh

nothing added to commit but untracked files present
[master 244cbd6] 10 on 01 02 2019
 Date: Wed Jan 2 12:10:00 2019 +0500
 2 files changed, 2 insertions(+), 1 deletion(-)
 create mode 100644 1999/08/10/commit.md
[master 92ea1de] 11 on 01 02 2019
 Date: Wed Jan 2 12:11:00 2019 +0500
 1 file changed, 1 insertion(+), 1 deletion(-)
fatal: Unable to create '/Applications/XAMPP/xamppfiles/htdocs/phprapid/.git/index.lock': File exists.

Another git process seems to be running in this repository, e.g.
an editor opened by 'git commit'. Please make sure all processes
are terminated then try again. If it still fails, a git process
may have crashed in this repository earlier:
remove the file manually to continue.
On branch master
Your branch is ahead of 'origin/master' by 2716 commits.
  (use "git push" to publish your local commits)

Changes not staged for commit:
        modified:   ../../../1999/08/10/commit.md
        modified:   commit.md

Untracked files:
        ../../../script.sh

no changes added to commit
[master 9c776b7] 01 on 01 03 2019
 Date: Thu Jan 3 12:01:00 2019 +0500
 1 file changed, 1 insertion(+)
 create mode 100644 2019/01/03/commit.md
[master 0801ab2] 02 on 01 03 2019
 Date: Thu Jan 3 12:02:00 2019 +0500
 1 file changed, 1 insertion(+), 1 deletion(-)
[master 387ef7e] 03 on 01 03 2019
 Date: Thu Jan 3 12:03:00 2019 +0500
 1 file changed, 1 insertion(+), 1 deletion(-)
fatal: Unable to create '/Applications/XAMPP/xamppfiles/htdocs/phprapid/.git/index.lock': File exists.

Another git process seems to be running in this repository, e.g.
an editor opened by 'git commit'. Please make sure all processes
are terminated then try again. If it still fails, a git process
may have crashed in this repository earlier:
remove the file manually to continue.
[master f2ccc9a] 05 on 01 03 2019
 Date: Thu Jan 3 12:05:00 2019 +0500
 1 file changed, 1 insertion(+), 1 deletion(-)
[master 376f5a7] 06 on 01 03 2019
 Date: Thu Jan 3 12:06:00 2019 +0500
 1 file changed, 1 insertion(+), 1 deletion(-)
[master 936dfff] 07 on 01 03 2019
 Date: Thu Jan 3 12:07:00 2019 +0500
 1 file changed, 1 insertion(+), 1 deletion(-)
[master 25f3cb0] 08 on 01 03 2019
 Date: Thu Jan 3 12:08:00 2019 +0500
 1 file changed, 1 insertion(+), 1 deletion(-)
[master 148216e] 09 on 01 03 2019
 Date: Thu Jan 3 12:09:00 2019 +0500
 1 file changed, 1 insertion(+), 1 deletion(-)
[master babb217] 10 on 01 03 2019
 Date: Thu Jan 3 12:10:00 2019 +0500
 1 file changed, 1 insertion(+), 1 deletion(-)
[master a40ff77] 11 on 01 03 2019
 Date: Thu Jan 3 12:11:00 2019 +0500
 1 file changed, 1 insertion(+), 1 deletion(-)
[master 619d640] 12 on 01 03 2019
 Date: Thu Jan 3 12:12:00 2019 +0500
 1 file changed, 1 insertion(+), 1 deletion(-)
fatal: Unable to create '/Applications/XAMPP/xamppfiles/htdocs/phprapid/.git/index.lock': File exists.

Another git process seems to be running in this repository, e.g.
an editor opened by 'git commit'. Please make sure all processes
are terminated then try again. If it still fails, a git process
may have crashed in this repository earlier:
remove the file manually to continue.
On branch master
Your branch is ahead of 'origin/master' by 2735 commits.
  (use "git push" to publish your local commits)

Changes not staged for commit:
        modified:   ../02/commit.md

Untracked files:
        ./
        ../../../script.sh

no changes added to commit
fatal: Unable to create '/Applications/XAMPP/xamppfiles/htdocs/phprapid/.git/index.lock': File exists.

Another git process seems to be running in this repository, e.g.
an editor opened by 'git commit'. Please make sure all processes
are terminated then try again. If it still fails, a git process
may have crashed in this repository earlier:
remove the file manually to continue.
On branch master
Your branch is ahead of 'origin/master' by 2736 commits.
  (use "git push" to publish your local commits)

Changes not staged for commit:
        modified:   ../../../1999/08/11/commit.md
        modified:   ../02/commit.md

Untracked files:
        ./
        ../../../script.sh

no changes added to commit
[master c4d028c] 03 on 01 04 2019
 Date: Fri Jan 4 12:03:00 2019 +0500
 1 file changed, 1 insertion(+)
 create mode 100644 2019/01/04/commit.md
[master 863b0c6] 04 on 01 04 2019
 Date: Fri Jan 4 12:04:00 2019 +0500
 1 file changed, 1 insertion(+), 1 deletion(-)
[master 4193713] 05 on 01 04 2019
 Date: Fri Jan 4 12:05:00 2019 +0500
 1 file changed, 1 insertion(+), 1 deletion(-)
[master 9375828] 06 on 01 04 2019
 Date: Fri Jan 4 12:06:00 2019 +0500
 1 file changed, 1 insertion(+), 1 deletion(-)
[master 054d2e0] 07 on 01 04 2019
 Date: Fri Jan 4 12:07:00 2019 +0500
 1 file changed, 1 insertion(+), 1 deletion(-)
[master 317ef2c] 08 on 01 04 2019
 Date: Fri Jan 4 12:08:00 2019 +0500
 1 file changed, 1 insertion(+), 1 deletion(-)
fatal: Unable to create '/Applications/XAMPP/xamppfiles/htdocs/phprapid/.git/index.lock': File exists.

Another git process seems to be running in this repository, e.g.
an editor opened by 'git commit'. Please make sure all processes
are terminated then try again. If it still fails, a git process
may have crashed in this repository earlier:
remove the file manually to continue.
On branch master
Your branch is ahead of 'origin/master' by 2747 commits.
  (use "git push" to publish your local commits)

Changes not staged for commit:
        modified:   ../../../1999/08/11/commit.md
        modified:   ../02/commit.md
        modified:   commit.md

Untracked files:
        ../../../script.sh

no changes added to commit
[master 356eebd] 10 on 01 04 2019
 Date: Fri Jan 4 12:10:00 2019 +0500
 1 file changed, 1 insertion(+), 1 deletion(-)
fatal: Unable to create '/Applications/XAMPP/xamppfiles/htdocs/phprapid/.git/index.lock': File exists.

Another git process seems to be running in this repository, e.g.
an editor opened by 'git commit'. Please make sure all processes
are terminated then try again. If it still fails, a git process
may have crashed in this repository earlier:
remove the file manually to continue.
On branch master
Your branch is ahead of 'origin/master' by 2750 commits.
  (use "git push" to publish your local commits)

Changes not staged for commit:
        modified:   ../../../1999/08/12/commit.md
        modified:   ../02/commit.md
        modified:   commit.md

Untracked files:
        ../../../script.sh

no changes added to commit
[master 09edc82] 12 on 01 04 2019
 Date: Fri Jan 4 12:12:00 2019 +0500
 2 files changed, 2 insertions(+), 2 deletions(-)
fatal: Unable to create '/Applications/XAMPP/xamppfiles/htdocs/phprapid/.git/index.lock': File exists.

Another git process seems to be running in this repository, e.g.
an editor opened by 'git commit'. Please make sure all processes
are terminated then try again. If it still fails, a git process
may have crashed in this repository earlier:
remove the file manually to continue.
On branch master
Your branch is ahead of 'origin/master' by 2753 commits.
  (use "git push" to publish your local commits)

Changes not staged for commit:
        modified:   ../../../1999/08/12/commit.md
        modified:   ../02/commit.md

Untracked files:
        ./
        ../../../script.sh

no changes added to commit
[master 6ac3c7d] 02 on 01 05 2019
 Date: Sat Jan 5 12:02:00 2019 +0500
 1 file changed, 1 insertion(+)
 create mode 100644 2019/01/05/commit.md
[master b54f35c] 03 on 01 05 2019
 Date: Sat Jan 5 12:03:00 2019 +0500
 1 file changed, 1 insertion(+), 1 deletion(-)
[master 844718e] 04 on 01 05 2019
 Date: Sat Jan 5 12:04:00 2019 +0500
 2 files changed, 2 insertions(+), 2 deletions(-)
[master a7fda1a] 05 on 01 05 2019
 Date: Sat Jan 5 12:05:00 2019 +0500
 1 file changed, 1 insertion(+), 1 deletion(-)
error: short read while indexing 1999/08/12/commit.md
[master a1012bf] 06 on 01 05 2019
 Date: Sat Jan 5 12:06:00 2019 +0500
 1 file changed, 1 insertion(+), 1 deletion(-)
fatal: Unable to create '/Applications/XAMPP/xamppfiles/htdocs/phprapid/.git/index.lock': File exists.

Another git process seems to be running in this repository, e.g.
an editor opened by 'git commit'. Please make sure all processes
are terminated then try again. If it still fails, a git process
may have crashed in this repository earlier:
remove the file manually to continue.
On branch master
Your branch is ahead of 'origin/master' by 2760 commits.
  (use "git push" to publish your local commits)

Changes not staged for commit:
        modified:   ../02/commit.md
        modified:   commit.md

Untracked files:
        ../../../script.sh

no changes added to commit
fatal: Unable to create '/Applications/XAMPP/xamppfiles/htdocs/phprapid/.git/index.lock': File exists.

Another git process seems to be running in this repository, e.g.
an editor opened by 'git commit'. Please make sure all processes
are terminated then try again. If it still fails, a git process
may have crashed in this repository earlier:
remove the file manually to continue.
On branch master
Your branch is ahead of 'origin/master' by 2762 commits.
  (use "git push" to publish your local commits)

Changes not staged for commit:
        modified:   ../02/commit.md

Untracked files:
        ../../../script.sh

no changes added to commit
fatal: Unable to create '/Applications/XAMPP/xamppfiles/htdocs/phprapid/.git/index.lock': File exists.

Another git process seems to be running in this repository, e.g.
an editor opened by 'git commit'. Please make sure all processes
are terminated then try again. If it still fails, a git process
may have crashed in this repository earlier:
remove the file manually to continue.
On branch master
Your branch is ahead of 'origin/master' by 2763 commits.
  (use "git push" to publish your local commits)

Changes not staged for commit:
        modified:   ../02/commit.md

Untracked files:
        ../../../script.sh

no changes added to commit
fatal: Unable to create '/Applications/XAMPP/xamppfiles/htdocs/phprapid/.git/index.lock': File exists.

Another git process seems to be running in this repository, e.g.
an editor opened by 'git commit'. Please make sure all processes
are terminated then try again. If it still fails, a git process
may have crashed in this repository earlier:
remove the file manually to continue.
fatal: Unable to create '/Applications/XAMPP/xamppfiles/htdocs/phprapid/.git/index.lock': File exists.

Another git process seems to be running in this repository, e.g.
an editor opened by 'git commit'. Please make sure all processes
are terminated then try again. If it still fails, a git process
may have crashed in this repository earlier:
remove the file manually to continue.
On branch master
Your branch is ahead of 'origin/master' by 2765 commits.
  (use "git push" to publish your local commits)

Changes not staged for commit:
        modified:   ../02/commit.md

Untracked files:
        ./
        ../../../script.sh

no changes added to commit
[master 9daa359] 02 on 01 06 2019
 Date: Sun Jan 6 12:02:00 2019 +0500
 2 files changed, 2 insertions(+), 1 deletion(-)
 create mode 100644 2019/01/06/commit.md
fatal: Unable to create '/Applications/XAMPP/xamppfiles/htdocs/phprapid/.git/index.lock': File exists.

Another git process seems to be running in this repository, e.g.
an editor opened by 'git commit'. Please make sure all processes
are terminated then try again. If it still fails, a git process
may have crashed in this repository earlier:
remove the file manually to continue.
[master cfd2c0a] 04 on 01 06 2019
 Date: Sun Jan 6 12:04:00 2019 +0500
 1 file changed, 1 insertion(+), 1 deletion(-)
[master b906da8] 05 on 01 06 2019
 Date: Sun Jan 6 12:05:00 2019 +0500
 1 file changed, 1 insertion(+), 1 deletion(-)
fatal: Unable to create '/Applications/XAMPP/xamppfiles/htdocs/phprapid/.git/index.lock': File exists.

Another git process seems to be running in this repository, e.g.
an editor opened by 'git commit'. Please make sure all processes
are terminated then try again. If it still fails, a git process
may have crashed in this repository earlier:
remove the file manually to continue.
On branch master
Your branch is ahead of 'origin/master' by 2771 commits.
  (use "git push" to publish your local commits)

Changes not staged for commit:
        modified:   ../02/commit.md
        modified:   commit.md

Untracked files:
        ../../../script.sh

no changes added to commit
[master a59c559] 07 on 01 06 2019
 Date: Sun Jan 6 12:07:00 2019 +0500
 1 file changed, 1 insertion(+), 1 deletion(-)
fatal: Unable to create '/Applications/XAMPP/xamppfiles/htdocs/phprapid/.git/index.lock': File exists.

Another git process seems to be running in this repository, e.g.
an editor opened by 'git commit'. Please make sure all processes
are terminated then try again. If it still fails, a git process
may have crashed in this repository earlier:
remove the file manually to continue.
On branch master
Your branch is ahead of 'origin/master' by 2774 commits.
  (use "git push" to publish your local commits)

Changes not staged for commit:
        modified:   ../../../1999/08/13/commit.md
        modified:   ../02/commit.md
        modified:   commit.md

Untracked files:
        ../../../script.sh

no changes added to commit
[master ad93ba9] 09 on 01 06 2019
 Date: Sun Jan 6 12:09:00 2019 +0500
 1 file changed, 1 insertion(+), 1 deletion(-)
[master aaf7642] 10 on 01 06 2019
 Date: Sun Jan 6 12:10:00 2019 +0500
 1 file changed, 1 insertion(+), 1 deletion(-)
fatal: Unable to create '/Applications/XAMPP/xamppfiles/htdocs/phprapid/.git/index.lock': File exists.

Another git process seems to be running in this repository, e.g.
an editor opened by 'git commit'. Please make sure all processes
are terminated then try again. If it still fails, a git process
may have crashed in this repository earlier:
remove the file manually to continue.
[master f0fb3a2] 12 on 01 06 2019
 Date: Sun Jan 6 12:12:00 2019 +0500
 2 files changed, 2 insertions(+), 1 deletion(-)
 create mode 100644 1999/08/14/commit.md
[master 44575b0] 01 on 01 07 2019
 Date: Mon Jan 7 12:01:00 2019 +0500
 1 file changed, 1 insertion(+)
 create mode 100644 2019/01/07/commit.md
[master e43949c] 02 on 01 07 2019
 Date: Mon Jan 7 12:02:00 2019 +0500
 1 file changed, 1 insertion(+), 1 deletion(-)
[master 0142b00] 03 on 01 07 2019
 Date: Mon Jan 7 12:03:00 2019 +0500
 1 file changed, 1 insertion(+), 1 deletion(-)
[master 6255654] 04 on 01 07 2019
 Date: Mon Jan 7 12:04:00 2019 +0500
 2 files changed, 2 insertions(+), 2 deletions(-)
[master 2eebc93] 05 on 01 07 2019
 Date: Mon Jan 7 12:05:00 2019 +0500
 1 file changed, 1 insertion(+), 1 deletion(-)
[master 6fc2e15] 06 on 01 07 2019
 Date: Mon Jan 7 12:06:00 2019 +0500
 1 file changed, 1 insertion(+), 1 deletion(-)
On branch master
Your branch is ahead of 'origin/master' by 2786 commits.
  (use "git push" to publish your local commits)

Changes not staged for commit:
        modified:   ../02/commit.md

Untracked files:
        ../../../script.sh

no changes added to commit
[master 13dca51] 08 on 01 07 2019
 Date: Mon Jan 7 12:08:00 2019 +0500
 1 file changed, 1 insertion(+), 1 deletion(-)
[master 15424ab] 09 on 01 07 2019
 Date: Mon Jan 7 12:09:00 2019 +0500
 1 file changed, 1 insertion(+), 1 deletion(-)
[master a5557eb] 10 on 01 07 2019
 Date: Mon Jan 7 12:10:00 2019 +0500
 1 file changed, 1 insertion(+), 1 deletion(-)
[master 675a900] 11 on 01 07 2019
 Date: Mon Jan 7 12:11:00 2019 +0500
 1 file changed, 1 insertion(+), 1 deletion(-)
fatal: Unable to create '/Applications/XAMPP/xamppfiles/htdocs/phprapid/.git/index.lock': File exists.

Another git process seems to be running in this repository, e.g.
an editor opened by 'git commit'. Please make sure all processes
are terminated then try again. If it still fails, a git process
may have crashed in this repository earlier:
remove the file manually to continue.
[master 62ff5a5] 01 on 01 08 2019
 Date: Tue Jan 8 12:01:00 2019 +0500
 2 files changed, 2 insertions(+), 1 deletion(-)
 create mode 100644 2019/01/08/commit.md
[master 6e14f31] 02 on 01 08 2019
 Date: Tue Jan 8 12:02:00 2019 +0500
 1 file changed, 1 insertion(+), 1 deletion(-)
[master dec039e] 03 on 01 08 2019
 Date: Tue Jan 8 12:03:00 2019 +0500
 1 file changed, 1 insertion(+), 1 deletion(-)
[master d680c2d] 04 on 01 08 2019
 Date: Tue Jan 8 12:04:00 2019 +0500
 1 file changed, 1 insertion(+), 1 deletion(-)
fatal: Unable to create '/Applications/XAMPP/xamppfiles/htdocs/phprapid/.git/index.lock': File exists.

Another git process seems to be running in this repository, e.g.
an editor opened by 'git commit'. Please make sure all processes
are terminated then try again. If it still fails, a git process
may have crashed in this repository earlier:
remove the file manually to continue.
On branch master
Your branch is ahead of 'origin/master' by 2800 commits.
  (use "git push" to publish your local commits)

Changes not staged for commit:
        modified:   ../../../1999/08/15/commit.md
        modified:   ../02/commit.md
        modified:   commit.md

Untracked files:
        ../../../script.sh

no changes added to commit
[master 141c289] 06 on 01 08 2019
 Date: Tue Jan 8 12:06:00 2019 +0500
 1 file changed, 1 insertion(+), 1 deletion(-)
[master 88b45cd] 07 on 01 08 2019
 Date: Tue Jan 8 12:07:00 2019 +0500
 1 file changed, 1 insertion(+), 1 deletion(-)
fatal: Unable to create '/Applications/XAMPP/xamppfiles/htdocs/phprapid/.git/index.lock': File exists.

Another git process seems to be running in this repository, e.g.
an editor opened by 'git commit'. Please make sure all processes
are terminated then try again. If it still fails, a git process
may have crashed in this repository earlier:
remove the file manually to continue.
On branch master
Your branch is ahead of 'origin/master' by 2804 commits.
  (use "git push" to publish your local commits)

Changes not staged for commit:
        modified:   ../02/commit.md
        modified:   commit.md

Untracked files:
        ../../../script.sh

no changes added to commit
fatal: Unable to create '/Applications/XAMPP/xamppfiles/htdocs/phprapid/.git/index.lock': File exists.

Another git process seems to be running in this repository, e.g.
an editor opened by 'git commit'. Please make sure all processes
are terminated then try again. If it still fails, a git process
may have crashed in this repository earlier:
remove the file manually to continue.
fatal: Unable to create '/Applications/XAMPP/xamppfiles/htdocs/phprapid/.git/index.lock': File exists.

Another git process seems to be running in this repository, e.g.
an editor opened by 'git commit'. Please make sure all processes
are terminated then try again. If it still fails, a git process
may have crashed in this repository earlier:
remove the file manually to continue.
fatal: Unable to create '/Applications/XAMPP/xamppfiles/htdocs/phprapid/.git/index.lock': File exists.

Another git process seems to be running in this repository, e.g.
an editor opened by 'git commit'. Please make sure all processes
are terminated then try again. If it still fails, a git process
may have crashed in this repository earlier:
remove the file manually to continue.
fatal: Unable to create '/Applications/XAMPP/xamppfiles/htdocs/phprapid/.git/index.lock': File exists.

Another git process seems to be running in this repository, e.g.
an editor opened by 'git commit'. Please make sure all processes
are terminated then try again. If it still fails, a git process
may have crashed in this repository earlier:
remove the file manually to continue.
fatal: Unable to create '/Applications/XAMPP/xamppfiles/htdocs/phprapid/.git/index.lock': File exists.

Another git process seems to be running in this repository, e.g.
an editor opened by 'git commit'. Please make sure all processes
are terminated then try again. If it still fails, a git process
may have crashed in this repository earlier:
remove the file manually to continue.
On branch master
Your branch is ahead of 'origin/master' by 2806 commits.
  (use "git push" to publish your local commits)

Changes not staged for commit:
        modified:   ../02/commit.md

Untracked files:
        ./
        ../../../script.sh

no changes added to commit
[master 77755a7] 02 on 01 09 2019
 Date: Wed Jan 9 12:02:00 2019 +0500
 1 file changed, 1 insertion(+)
 create mode 100644 2019/01/09/commit.md
fatal: Unable to create '/Applications/XAMPP/xamppfiles/htdocs/phprapid/.git/index.lock': File exists.

Another git process seems to be running in this repository, e.g.
an editor opened by 'git commit'. Please make sure all processes
are terminated then try again. If it still fails, a git process
may have crashed in this repository earlier:
remove the file manually to continue.
On branch master
Your branch is ahead of 'origin/master' by 2809 commits.
  (use "git push" to publish your local commits)

Changes not staged for commit:
        modified:   ../../../1999/08/16/commit.md
        modified:   ../02/commit.md
        modified:   commit.md

Untracked files:
        ../../../script.sh

no changes added to commit
[master 9eb4a28] 04 on 01 09 2019
 Date: Wed Jan 9 12:04:00 2019 +0500
 2 files changed, 2 insertions(+), 2 deletions(-)
fatal: Unable to create '/Applications/XAMPP/xamppfiles/htdocs/phprapid/.git/index.lock': File exists.

Another git process seems to be running in this repository, e.g.
an editor opened by 'git commit'. Please make sure all processes
are terminated then try again. If it still fails, a git process
may have crashed in this repository earlier:
remove the file manually to continue.
[master 6bfa04a] 06 on 01 09 2019
 Date: Wed Jan 9 12:06:00 2019 +0500
 1 file changed, 1 insertion(+), 1 deletion(-)
[master 9ceded1] 07 on 01 09 2019
 Date: Wed Jan 9 12:07:00 2019 +0500
 1 file changed, 1 insertion(+), 1 deletion(-)
fatal: Unable to create '/Applications/XAMPP/xamppfiles/htdocs/phprapid/.git/index.lock': File exists.

Another git process seems to be running in this repository, e.g.
an editor opened by 'git commit'. Please make sure all processes
are terminated then try again. If it still fails, a git process
may have crashed in this repository earlier:
remove the file manually to continue.
On branch master
Your branch is ahead of 'origin/master' by 2815 commits.
  (use "git push" to publish your local commits)

Changes not staged for commit:
        modified:   ../../../1999/08/16/commit.md
        modified:   ../02/commit.md
        modified:   commit.md

Untracked files:
        ../../../script.sh

no changes added to commit
[master bf1250e] 09 on 01 09 2019
 Date: Wed Jan 9 12:09:00 2019 +0500
 2 files changed, 2 insertions(+), 2 deletions(-)
On branch master
Your branch is ahead of 'origin/master' by 2818 commits.
  (use "git push" to publish your local commits)

Changes not staged for commit:
        modified:   ../02/commit.md
        modified:   commit.md

Untracked files:
        ../../../script.sh

no changes added to commit
fatal: Unable to create '/Applications/XAMPP/xamppfiles/htdocs/phprapid/.git/index.lock': File exists.

Another git process seems to be running in this repository, e.g.
an editor opened by 'git commit'. Please make sure all processes
are terminated then try again. If it still fails, a git process
may have crashed in this repository earlier:
remove the file manually to continue.
On branch master
Your branch is ahead of 'origin/master' by 2820 commits.
  (use "git push" to publish your local commits)

Changes not staged for commit:
        modified:   ../02/commit.md

Untracked files:
        ../../../script.sh

no changes added to commit
fatal: Unable to create '/Applications/XAMPP/xamppfiles/htdocs/phprapid/.git/index.lock': File exists.

Another git process seems to be running in this repository, e.g.
an editor opened by 'git commit'. Please make sure all processes
are terminated then try again. If it still fails, a git process
may have crashed in this repository earlier:
remove the file manually to continue.
[master e37128b] 02 on 01 10 2019
 Date: Thu Jan 10 12:02:00 2019 +0500
 2 files changed, 2 insertions(+), 2 deletions(-)
[master 28e51df] 03 on 01 10 2019
 Date: Thu Jan 10 12:03:00 2019 +0500
 1 file changed, 1 insertion(+), 1 deletion(-)
[master 13b7f24] 04 on 01 10 2019
 Date: Thu Jan 10 12:04:00 2019 +0500
 2 files changed, 2 insertions(+), 2 deletions(-)
fatal: Unable to create '/Applications/XAMPP/xamppfiles/htdocs/phprapid/.git/index.lock': File exists.

Another git process seems to be running in this repository, e.g.
an editor opened by 'git commit'. Please make sure all processes
are terminated then try again. If it still fails, a git process
may have crashed in this repository earlier:
remove the file manually to continue.
On branch master
Your branch is ahead of 'origin/master' by 2826 commits.
  (use "git push" to publish your local commits)

Changes not staged for commit:
        modified:   ../02/commit.md
        modified:   commit.md

Untracked files:
        ../../../script.sh

no changes added to commit
[master 93191a6] 06 on 01 10 2019
 Date: Thu Jan 10 12:06:00 2019 +0500
 2 files changed, 2 insertions(+), 2 deletions(-)
fatal: Unable to create '/Applications/XAMPP/xamppfiles/htdocs/phprapid/.git/index.lock': File exists.

Another git process seems to be running in this repository, e.g.
an editor opened by 'git commit'. Please make sure all processes
are terminated then try again. If it still fails, a git process
may have crashed in this repository earlier:
remove the file manually to continue.
On branch master
Your branch is ahead of 'origin/master' by 2830 commits.
  (use "git push" to publish your local commits)

Changes not staged for commit:
        modified:   ../02/commit.md
        modified:   commit.md

Untracked files:
        ../../../1999/08/18/
        ../../../script.sh

no changes added to commit
[master 5f1b83d] 08 on 01 10 2019
 Date: Thu Jan 10 12:08:00 2019 +0500
 2 files changed, 2 insertions(+), 2 deletions(-)
[master dec0f7b] 09 on 01 10 2019
 Date: Thu Jan 10 12:09:00 2019 +0500
 1 file changed, 1 insertion(+), 1 deletion(-)
fatal: Unable to create '/Applications/XAMPP/xamppfiles/htdocs/phprapid/.git/index.lock': File exists.

Another git process seems to be running in this repository, e.g.
an editor opened by 'git commit'. Please make sure all processes
are terminated then try again. If it still fails, a git process
may have crashed in this repository earlier:
remove the file manually to continue.
On branch master
Your branch is ahead of 'origin/master' by 2834 commits.
  (use "git push" to publish your local commits)

Changes not staged for commit:
        modified:   ../../../1999/08/18/commit.md
        modified:   ../02/commit.md
        modified:   commit.md

Untracked files:
        ../../../script.sh

no changes added to commit
fatal: Unable to create '/Applications/XAMPP/xamppfiles/htdocs/phprapid/.git/index.lock': File exists.

Another git process seems to be running in this repository, e.g.
an editor opened by 'git commit'. Please make sure all processes
are terminated then try again. If it still fails, a git process
may have crashed in this repository earlier:
remove the file manually to continue.
[master 562534a] 12 on 01 10 2019
 Date: Thu Jan 10 12:12:00 2019 +0500
 1 file changed, 1 insertion(+), 1 deletion(-)
[master 817d0aa] 01 on 01 11 2019
 Date: Fri Jan 11 12:01:00 2019 +0500
 1 file changed, 1 insertion(+)
 create mode 100644 2019/01/11/commit.md
[master b0d387f] 02 on 01 11 2019
 Date: Fri Jan 11 12:02:00 2019 +0500
 1 file changed, 1 insertion(+), 1 deletion(-)
[master b788e06] 03 on 01 11 2019
 Date: Fri Jan 11 12:03:00 2019 +0500
 1 file changed, 1 insertion(+), 1 deletion(-)
fatal: Unable to create '/Applications/XAMPP/xamppfiles/htdocs/phprapid/.git/index.lock': File exists.

Another git process seems to be running in this repository, e.g.
an editor opened by 'git commit'. Please make sure all processes
are terminated then try again. If it still fails, a git process
may have crashed in this repository earlier:
remove the file manually to continue.
On branch master
Your branch is ahead of 'origin/master' by 2842 commits.
  (use "git push" to publish your local commits)

Changes not staged for commit:
        modified:   ../02/commit.md
        modified:   commit.md

Untracked files:
        ../../../script.sh

no changes added to commit
[master 091941d] 05 on 01 11 2019
 Date: Fri Jan 11 12:05:00 2019 +0500
 1 file changed, 1 insertion(+), 1 deletion(-)
[master 5eabd6f] 06 on 01 11 2019
 Date: Fri Jan 11 12:06:00 2019 +0500
 1 file changed, 1 insertion(+), 1 deletion(-)
[master 0250a5e] 07 on 01 11 2019
 Date: Fri Jan 11 12:07:00 2019 +0500
 1 file changed, 1 insertion(+), 1 deletion(-)
fatal: Unable to create '/Applications/XAMPP/xamppfiles/htdocs/phprapid/.git/index.lock': File exists.

Another git process seems to be running in this repository, e.g.
an editor opened by 'git commit'. Please make sure all processes
are terminated then try again. If it still fails, a git process
may have crashed in this repository earlier:
remove the file manually to continue.
On branch master
Your branch is ahead of 'origin/master' by 2848 commits.
  (use "git push" to publish your local commits)

Changes not staged for commit:
        modified:   ../02/commit.md
        modified:   commit.md

Untracked files:
        ../../../script.sh

no changes added to commit
[master 1b02d52] 09 on 01 11 2019
 Date: Fri Jan 11 12:09:00 2019 +0500
 1 file changed, 1 insertion(+), 1 deletion(-)
[master 42df1da] 10 on 01 11 2019
 Date: Fri Jan 11 12:10:00 2019 +0500
 1 file changed, 1 insertion(+), 1 deletion(-)
fatal: Unable to create '/Applications/XAMPP/xamppfiles/htdocs/phprapid/.git/index.lock': File exists.

Another git process seems to be running in this repository, e.g.
an editor opened by 'git commit'. Please make sure all processes
are terminated then try again. If it still fails, a git process
may have crashed in this repository earlier:
remove the file manually to continue.
[master 0250f42] 12 on 01 11 2019
 Date: Fri Jan 11 12:12:00 2019 +0500
 2 files changed, 2 insertions(+), 2 deletions(-)
[master 5eadaed] 01 on 01 12 2019
 Date: Sat Jan 12 12:01:00 2019 +0500
 1 file changed, 1 insertion(+)
 create mode 100644 2019/01/12/commit.md
[master 88dde65] 02 on 01 12 2019
 Date: Sat Jan 12 12:02:00 2019 +0500
 1 file changed, 1 insertion(+), 1 deletion(-)
fatal: Unable to create '/Applications/XAMPP/xamppfiles/htdocs/phprapid/.git/index.lock': File exists.

Another git process seems to be running in this repository, e.g.
an editor opened by 'git commit'. Please make sure all processes
are terminated then try again. If it still fails, a git process
may have crashed in this repository earlier:
remove the file manually to continue.
fatal: Unable to create '/Applications/XAMPP/xamppfiles/htdocs/phprapid/.git/index.lock': File exists.

Another git process seems to be running in this repository, e.g.
an editor opened by 'git commit'. Please make sure all processes
are terminated then try again. If it still fails, a git process
may have crashed in this repository earlier:
remove the file manually to continue.
[master aa7ad3f] 05 on 01 12 2019
 Date: Sat Jan 12 12:05:00 2019 +0500
 2 files changed, 2 insertions(+), 2 deletions(-)
